# JRE version: Java(TM) SE Runtime Environment (8.0_261-b12) (build 1.8.0_261-b12)
# Java VM: Java HotSpot(TM) 64-Bit Server VM (25.261-b12 mixed mode bsd-amd64 compressed oops)
Heap:
 PSYoungGen      total 514048K, used 184302K [0x000000076ab00000, 0x00000007a9c00000, 0x00000007c0000000)
  eden space 473088K, 38% used [0x000000076ab00000,0x0000000775efbb18,0x0000000787900000)
  from space 40960K, 0% used [0x0000000787900000,0x0000000787900000,0x000000078a100000)
  to   space 43520K, 0% used [0x00000007a7180000,0x00000007a7180000,0x00000007a9c00000)
 ParOldGen       total 177152K, used 71423K [0x00000006c0000000, 0x00000006cad00000, 0x000000076ab00000)
  object space 177152K, 40% used [0x00000006c0000000,0x00000006c45bfe08,0x00000006cad00000)
 Metaspace       used 23338K, capacity 23538K, committed 23936K, reserved 1071104K
  class space    used 3067K, capacity 3148K, committed 3200K, reserved 1048576K
GC Heap History (10 events):
Event: 13.809 GC heap before
{Heap before GC invocations=7 (full 1):
 PSYoungGen      total 141824K, used 141803K [0x000000076ab00000, 0x000000077c000000, 0x00000007c0000000)
  eden space 131072K, 100% used [0x000000076ab00000,0x0000000772b00000,0x0000000772b00000)
  from space 10752K, 99% used [0x0000000772b00000,0x000000077357afe8,0x0000000773580000)
  to   space 10752K, 0% used [0x000000077b580000,0x000000077b580000,0x000000077c000000)
 ParOldGen       total 175104K, used 43094K [0x00000006c0000000, 0x00000006cab00000, 0x000000076ab00000)
  object space 175104K, 24% used [0x00000006c0000000,0x00000006c2a15820,0x00000006cab00000)
 Metaspace       used 16208K, capacity 16396K, committed 16640K, reserved 1064960K
  class space    used 1880K, capacity 1963K, committed 2048K, reserved 1048576K
Event: 13.821 GC heap after
Heap after GC invocations=7 (full 1):
 PSYoungGen      total 250880K, used 10737K [0x000000076ab00000, 0x000000077eb00000, 0x00000007c0000000)
  eden space 240128K, 0% used [0x000000076ab00000,0x000000076ab00000,0x0000000779580000)
  from space 10752K, 99% used [0x000000077b580000,0x000000077bffc708,0x000000077c000000)
  to   space 32768K, 0% used [0x0000000779580000,0x0000000779580000,0x000000077b580000)
 ParOldGen       total 175104K, used 58367K [0x00000006c0000000, 0x00000006cab00000, 0x000000076ab00000)
  object space 175104K, 33% used [0x00000006c0000000,0x00000006c38ffec8,0x00000006cab00000)
 Metaspace       used 16208K, capacity 16396K, committed 16640K, reserved 1064960K
  class space    used 1880K, capacity 1963K, committed 2048K, reserved 1048576K
}
Event: 14.979 GC heap before
{Heap before GC invocations=8 (full 1):
 PSYoungGen      total 250880K, used 250865K [0x000000076ab00000, 0x000000077eb00000, 0x00000007c0000000)
  eden space 240128K, 100% used [0x000000076ab00000,0x0000000779580000,0x0000000779580000)
  from space 10752K, 99% used [0x000000077b580000,0x000000077bffc708,0x000000077c000000)
  to   space 32768K, 0% used [0x0000000779580000,0x0000000779580000,0x000000077b580000)
 ParOldGen       total 175104K, used 58367K [0x00000006c0000000, 0x00000006cab00000, 0x000000076ab00000)
  object space 175104K, 33% used [0x00000006c0000000,0x00000006c38ffec8,0x00000006cab00000)
 Metaspace       used 19149K, capacity 19346K, committed 19584K, reserved 1067008K
  class space    used 2304K, capacity 2348K, committed 2432K, reserved 1048576K
Event: 14.997 GC heap after
Heap after GC invocations=8 (full 1):
 PSYoungGen      total 272896K, used 24637K [0x000000076ab00000, 0x000000078c200000, 0x00000007c0000000)
  eden space 240128K, 0% used [0x000000076ab00000,0x000000076ab00000,0x0000000779580000)
  from space 32768K, 75% used [0x0000000779580000,0x000000077ad8f5d0,0x000000077b580000)
  to   space 33792K, 0% used [0x000000078a100000,0x000000078a100000,0x000000078c200000)
 ParOldGen       total 175104K, used 58375K [0x00000006c0000000, 0x00000006cab00000, 0x000000076ab00000)
  object space 175104K, 33% used [0x00000006c0000000,0x00000006c3901ec8,0x00000006cab00000)
 Metaspace       used 19149K, capacity 19346K, committed 19584K, reserved 1067008K
  class space    used 2304K, capacity 2348K, committed 2432K, reserved 1048576K
}
Event: 15.870 GC heap before
{Heap before GC invocations=9 (full 1):
 PSYoungGen      total 272896K, used 264765K [0x000000076ab00000, 0x000000078c200000, 0x00000007c0000000)
  eden space 240128K, 100% used [0x000000076ab00000,0x0000000779580000,0x0000000779580000)
  from space 32768K, 75% used [0x0000000779580000,0x000000077ad8f5d0,0x000000077b580000)
  to   space 33792K, 0% used [0x000000078a100000,0x000000078a100000,0x000000078c200000)
 ParOldGen       total 175104K, used 58375K [0x00000006c0000000, 0x00000006cab00000, 0x000000076ab00000)
  object space 175104K, 33% used [0x00000006c0000000,0x00000006c3901ec8,0x00000006cab00000)
 Metaspace       used 20068K, capacity 20242K, committed 20480K, reserved 1067008K
  class space    used 2493K, capacity 2540K, committed 2560K, reserved 1048576K
Event: 15.896 GC heap after
Heap after GC invocations=9 (full 1):
 PSYoungGen      total 506880K, used 33775K [0x000000076ab00000, 0x000000078d000000, 0x00000007c0000000)
  eden space 473088K, 0% used [0x000000076ab00000,0x000000076ab00000,0x0000000787900000)
  from space 33792K, 99% used [0x000000078a100000,0x000000078c1fbca0,0x000000078c200000)
  to   space 40960K, 0% used [0x0000000787900000,0x0000000787900000,0x000000078a100000)
 ParOldGen       total 175104K, used 63704K [0x00000006c0000000, 0x00000006cab00000, 0x000000076ab00000)
  object space 175104K, 36% used [0x00000006c0000000,0x00000006c3e362b8,0x00000006cab00000)
 Metaspace       used 20068K, capacity 20242K, committed 20480K, reserved 1067008K
  class space    used 2493K, capacity 2540K, committed 2560K, reserved 1048576K
}
Event: 16.346 GC heap before
{Heap before GC invocations=10 (full 1):
 PSYoungGen      total 506880K, used 121791K [0x000000076ab00000, 0x000000078d000000, 0x00000007c0000000)
  eden space 473088K, 18% used [0x000000076ab00000,0x00000007700f4058,0x0000000787900000)
  from space 33792K, 99% used [0x000000078a100000,0x000000078c1fbca0,0x000000078c200000)
  to   space 40960K, 0% used [0x0000000787900000,0x0000000787900000,0x000000078a100000)
 ParOldGen       total 175104K, used 63704K [0x00000006c0000000, 0x00000006cab00000, 0x000000076ab00000)
  object space 175104K, 36% used [0x00000006c0000000,0x00000006c3e362b8,0x00000006cab00000)
 Metaspace       used 20809K, capacity 21042K, committed 21248K, reserved 1067008K
  class space    used 2659K, capacity 2764K, committed 2816K, reserved 1048576K
Event: 16.373 GC heap after
Heap after GC invocations=10 (full 1):
 PSYoungGen      total 514048K, used 33830K [0x000000076ab00000, 0x00000007a9c00000, 0x00000007c0000000)
  eden space 473088K, 0% used [0x000000076ab00000,0x000000076ab00000,0x0000000787900000)
  from space 40960K, 82% used [0x0000000787900000,0x0000000789a09ab8,0x000000078a100000)
  to   space 43520K, 0% used [0x00000007a7180000,0x00000007a7180000,0x00000007a9c00000)
 ParOldGen       total 175104K, used 68270K [0x00000006c0000000, 0x00000006cab00000, 0x000000076ab00000)
  object space 175104K, 38% used [0x00000006c0000000,0x00000006c42ab848,0x00000006cab00000)
 Metaspace       used 20809K, capacity 21042K, committed 21248K, reserved 1067008K
  class space    used 2659K, capacity 2764K, committed 2816K, reserved 1048576K
}
Event: 16.373 GC heap before
{Heap before GC invocations=11 (full 2):
 PSYoungGen      total 514048K, used 33830K [0x000000076ab00000, 0x00000007a9c00000, 0x00000007c0000000)
  eden space 473088K, 0% used [0x000000076ab00000,0x000000076ab00000,0x0000000787900000)
  from space 40960K, 82% used [0x0000000787900000,0x0000000789a09ab8,0x000000078a100000)
  to   space 43520K, 0% used [0x00000007a7180000,0x00000007a7180000,0x00000007a9c00000)
 ParOldGen       total 175104K, used 68270K [0x00000006c0000000, 0x00000006cab00000, 0x000000076ab00000)
  object space 175104K, 38% used [0x00000006c0000000,0x00000006c42ab848,0x00000006cab00000)
 Metaspace       used 20809K, capacity 21042K, committed 21248K, reserved 1067008K
  class space    used 2659K, capacity 2764K, committed 2816K, reserved 1048576K
Event: 16.509 GC heap after
Heap after GC invocations=11 (full 2):
 PSYoungGen      total 514048K, used 0K [0x000000076ab00000, 0x00000007a9c00000, 0x00000007c0000000)
  eden space 473088K, 0% used [0x000000076ab00000,0x000000076ab00000,0x0000000787900000)
  from space 40960K, 0% used [0x0000000787900000,0x0000000787900000,0x000000078a100000)
  to   space 43520K, 0% used [0x00000007a7180000,0x00000007a7180000,0x00000007a9c00000)
 ParOldGen       total 177152K, used 71423K [0x00000006c0000000, 0x00000006cad00000, 0x000000076ab00000)
  object space 177152K, 40% used [0x00000006c0000000,0x00000006c45bfe08,0x00000006cad00000)
 Metaspace       used 20809K, capacity 21042K, committed 21248K, reserved 1067008K
  class space    used 2659K, capacity 2764K, committed 2816K, reserved 1048576K
}

