# JRE version: Java(TM) SE Runtime Environment (8.0_261-b12) (build 1.8.0_261-b12)
# Java VM: Java HotSpot(TM) 64-Bit Server VM (25.261-b12 mixed mode bsd-amd64 compressed oops)
Heap:
 PSYoungGen      total 464896K, used 100382K [0x000000076ab00000, 0x000000078da80000, 0x00000007c0000000)
  eden space 435200K, 16% used [0x000000076ab00000,0x000000076f00f280,0x0000000785400000)
  from space 29696K, 99% used [0x0000000785400000,0x00000007870f8928,0x0000000787100000)
  to   space 35328K, 0% used [0x000000078b800000,0x000000078b800000,0x000000078da80000)
 ParOldGen       total 137728K, used 52938K [0x00000006c0000000, 0x00000006c8680000, 0x000000076ab00000)
  object space 137728K, 38% used [0x00000006c0000000,0x00000006c33b2bc8,0x00000006c8680000)
 Metaspace       used 25873K, capacity 26146K, committed 26496K, reserved 1073152K
  class space    used 3352K, capacity 3438K, committed 3456K, reserved 1048576K
GC Heap History (10 events):
Event: 14.305 GC heap before
{Heap before GC invocations=9 (full 1):
 PSYoungGen      total 141824K, used 130797K [0x000000076ab00000, 0x000000077be00000, 0x00000007c0000000)
  eden space 113664K, 100% used [0x000000076ab00000,0x0000000771a00000,0x0000000771a00000)
  from space 28160K, 60% used [0x0000000771a00000,0x0000000772abb4d0,0x0000000773580000)
  to   space 27136K, 0% used [0x000000077a380000,0x000000077a380000,0x000000077be00000)
 ParOldGen       total 175104K, used 42472K [0x00000006c0000000, 0x00000006cab00000, 0x000000076ab00000)
  object space 175104K, 24% used [0x00000006c0000000,0x00000006c297a1a0,0x00000006cab00000)
 Metaspace       used 20127K, capacity 20354K, committed 20608K, reserved 1067008K
  class space    used 2310K, capacity 2382K, committed 2432K, reserved 1048576K
Event: 14.319 GC heap after
Heap after GC invocations=9 (full 1):
 PSYoungGen      total 251392K, used 25904K [0x000000076ab00000, 0x000000077c400000, 0x00000007c0000000)
  eden space 224256K, 0% used [0x000000076ab00000,0x000000076ab00000,0x0000000778600000)
  from space 27136K, 95% used [0x000000077a380000,0x000000077bccc0c0,0x000000077be00000)
  to   space 30208K, 0% used [0x0000000778600000,0x0000000778600000,0x000000077a380000)
 ParOldGen       total 175104K, used 46592K [0x00000006c0000000, 0x00000006cab00000, 0x000000076ab00000)
  object space 175104K, 26% used [0x00000006c0000000,0x00000006c2d801e8,0x00000006cab00000)
 Metaspace       used 20127K, capacity 20354K, committed 20608K, reserved 1067008K
  class space    used 2310K, capacity 2382K, committed 2432K, reserved 1048576K
}
Event: 14.554 GC heap before
{Heap before GC invocations=10 (full 1):
 PSYoungGen      total 251392K, used 92457K [0x000000076ab00000, 0x000000077c400000, 0x00000007c0000000)
  eden space 224256K, 29% used [0x000000076ab00000,0x000000076ebfe6b8,0x0000000778600000)
  from space 27136K, 95% used [0x000000077a380000,0x000000077bccc0c0,0x000000077be00000)
  to   space 30208K, 0% used [0x0000000778600000,0x0000000778600000,0x000000077a380000)
 ParOldGen       total 175104K, used 46592K [0x00000006c0000000, 0x00000006cab00000, 0x000000076ab00000)
  object space 175104K, 26% used [0x00000006c0000000,0x00000006c2d801e8,0x00000006cab00000)
 Metaspace       used 20845K, capacity 21058K, committed 21248K, reserved 1069056K
  class space    used 2429K, capacity 2510K, committed 2560K, reserved 1048576K
Event: 14.567 GC heap after
Heap after GC invocations=10 (full 1):
 PSYoungGen      total 254464K, used 21422K [0x000000076ab00000, 0x0000000789d00000, 0x00000007c0000000)
  eden space 224256K, 0% used [0x000000076ab00000,0x000000076ab00000,0x0000000778600000)
  from space 30208K, 70% used [0x0000000778600000,0x0000000779aeb890,0x000000077a380000)
  to   space 30720K, 0% used [0x0000000787f00000,0x0000000787f00000,0x0000000789d00000)
 ParOldGen       total 175104K, used 51817K [0x00000006c0000000, 0x00000006cab00000, 0x000000076ab00000)
  object space 175104K, 29% used [0x00000006c0000000,0x00000006c329a5d8,0x00000006cab00000)
 Metaspace       used 20845K, capacity 21058K, committed 21248K, reserved 1069056K
  class space    used 2429K, capacity 2510K, committed 2560K, reserved 1048576K
}
Event: 14.567 GC heap before
{Heap before GC invocations=11 (full 2):
 PSYoungGen      total 254464K, used 21422K [0x000000076ab00000, 0x0000000789d00000, 0x00000007c0000000)
  eden space 224256K, 0% used [0x000000076ab00000,0x000000076ab00000,0x0000000778600000)
  from space 30208K, 70% used [0x0000000778600000,0x0000000779aeb890,0x000000077a380000)
  to   space 30720K, 0% used [0x0000000787f00000,0x0000000787f00000,0x0000000789d00000)
 ParOldGen       total 175104K, used 51817K [0x00000006c0000000, 0x00000006cab00000, 0x000000076ab00000)
  object space 175104K, 29% used [0x00000006c0000000,0x00000006c329a5d8,0x00000006cab00000)
 Metaspace       used 20845K, capacity 21058K, committed 21248K, reserved 1069056K
  class space    used 2429K, capacity 2510K, committed 2560K, reserved 1048576K
Event: 14.612 GC heap after
Heap after GC invocations=11 (full 2):
 PSYoungGen      total 254464K, used 0K [0x000000076ab00000, 0x0000000789d00000, 0x00000007c0000000)
  eden space 224256K, 0% used [0x000000076ab00000,0x000000076ab00000,0x0000000778600000)
  from space 30208K, 0% used [0x0000000778600000,0x0000000778600000,0x000000077a380000)
  to   space 30720K, 0% used [0x0000000787f00000,0x0000000787f00000,0x0000000789d00000)
 ParOldGen       total 137728K, used 47341K [0x00000006c0000000, 0x00000006c8680000, 0x000000076ab00000)
  object space 137728K, 34% used [0x00000006c0000000,0x00000006c2e3b428,0x00000006c8680000)
 Metaspace       used 20845K, capacity 21058K, committed 21248K, reserved 1069056K
  class space    used 2429K, capacity 2510K, committed 2560K, reserved 1048576K
}
Event: 15.370 GC heap before
{Heap before GC invocations=12 (full 2):
 PSYoungGen      total 254464K, used 224256K [0x000000076ab00000, 0x0000000789d00000, 0x00000007c0000000)
  eden space 224256K, 100% used [0x000000076ab00000,0x0000000778600000,0x0000000778600000)
  from space 30208K, 0% used [0x0000000778600000,0x0000000778600000,0x000000077a380000)
  to   space 30720K, 0% used [0x0000000787f00000,0x0000000787f00000,0x0000000789d00000)
 ParOldGen       total 137728K, used 47341K [0x00000006c0000000, 0x00000006c8680000, 0x000000076ab00000)
  object space 137728K, 34% used [0x00000006c0000000,0x00000006c2e3b428,0x00000006c8680000)
 Metaspace       used 21693K, capacity 21858K, committed 22144K, reserved 1069056K
  class space    used 2584K, capacity 2670K, committed 2688K, reserved 1048576K
Event: 15.383 GC heap after
Heap after GC invocations=12 (full 2):
 PSYoungGen      total 351232K, used 15252K [0x000000076ab00000, 0x0000000788e00000, 0x00000007c0000000)
  eden space 335872K, 0% used [0x000000076ab00000,0x000000076ab00000,0x000000077f300000)
  from space 15360K, 99% used [0x0000000787f00000,0x0000000788de51f8,0x0000000788e00000)
  to   space 29696K, 0% used [0x0000000785400000,0x0000000785400000,0x0000000787100000)
 ParOldGen       total 137728K, used 47349K [0x00000006c0000000, 0x00000006c8680000, 0x000000076ab00000)
  object space 137728K, 34% used [0x00000006c0000000,0x00000006c2e3d428,0x00000006c8680000)
 Metaspace       used 21693K, capacity 21858K, committed 22144K, reserved 1069056K
  class space    used 2584K, capacity 2670K, committed 2688K, reserved 1048576K
}
Event: 16.732 GC heap before
{Heap before GC invocations=13 (full 2):
 PSYoungGen      total 351232K, used 351124K [0x000000076ab00000, 0x0000000788e00000, 0x00000007c0000000)
  eden space 335872K, 100% used [0x000000076ab00000,0x000000077f300000,0x000000077f300000)
  from space 15360K, 99% used [0x0000000787f00000,0x0000000788de51f8,0x0000000788e00000)
  to   space 29696K, 0% used [0x0000000785400000,0x0000000785400000,0x0000000787100000)
 ParOldGen       total 137728K, used 47349K [0x00000006c0000000, 0x00000006c8680000, 0x000000076ab00000)
  object space 137728K, 34% used [0x00000006c0000000,0x00000006c2e3d428,0x00000006c8680000)
 Metaspace       used 24587K, capacity 24834K, committed 25088K, reserved 1071104K
  class space    used 3194K, capacity 3278K, committed 3328K, reserved 1048576K
Event: 16.763 GC heap after
Heap after GC invocations=13 (full 2):
 PSYoungGen      total 464896K, used 29666K [0x000000076ab00000, 0x000000078da80000, 0x00000007c0000000)
  eden space 435200K, 0% used [0x000000076ab00000,0x000000076ab00000,0x0000000785400000)
  from space 29696K, 99% used [0x0000000785400000,0x00000007870f8928,0x0000000787100000)
  to   space 35328K, 0% used [0x000000078b800000,0x000000078b800000,0x000000078da80000)
 ParOldGen       total 137728K, used 52938K [0x00000006c0000000, 0x00000006c8680000, 0x000000076ab00000)
  object space 137728K, 38% used [0x00000006c0000000,0x00000006c33b2bc8,0x00000006c8680000)
 Metaspace       used 24587K, capacity 24834K, committed 25088K, reserved 1071104K
  class space    used 3194K, capacity 3278K, committed 3328K, reserved 1048576K
}

