# JRE version: Java(TM) SE Runtime Environment (8.0_261-b12) (build 1.8.0_261-b12)
# Java VM: Java HotSpot(TM) 64-Bit Server VM (25.261-b12 mixed mode bsd-amd64 compressed oops)
Heap:
 PSYoungGen      total 441344K, used 395585K [0x000000076ab00000, 0x000000078b680000, 0x00000007c0000000)
  eden space 425984K, 89% used [0x000000076ab00000,0x0000000781e7a930,0x0000000784b00000)
  from space 15360K, 98% used [0x000000078a780000,0x000000078b655db0,0x000000078b680000)
  to   space 32768K, 0% used [0x0000000787680000,0x0000000787680000,0x0000000789680000)
 ParOldGen       total 148992K, used 48863K [0x00000006c0000000, 0x00000006c9180000, 0x000000076ab00000)
  object space 148992K, 32% used [0x00000006c0000000,0x00000006c2fb7fa0,0x00000006c9180000)
 Metaspace       used 25835K, capacity 26082K, committed 26240K, reserved 1073152K
  class space    used 3350K, capacity 3438K, committed 3456K, reserved 1048576K
GC Heap History (10 events):
Event: 13.264 GC heap before
{Heap before GC invocations=6 (full 1):
 PSYoungGen      total 141824K, used 141821K [0x000000076ab00000, 0x0000000774000000, 0x00000007c0000000)
  eden space 131072K, 100% used [0x000000076ab00000,0x0000000772b00000,0x0000000772b00000)
  from space 10752K, 99% used [0x0000000773580000,0x0000000773fff768,0x0000000774000000)
  to   space 10752K, 0% used [0x0000000772b00000,0x0000000772b00000,0x0000000773580000)
 ParOldGen       total 175104K, used 27488K [0x00000006c0000000, 0x00000006cab00000, 0x000000076ab00000)
  object space 175104K, 15% used [0x00000006c0000000,0x00000006c1ad80c0,0x00000006cab00000)
 Metaspace       used 16726K, capacity 16948K, committed 17280K, reserved 1064960K
  class space    used 1962K, capacity 2057K, committed 2176K, reserved 1048576K
Event: 13.276 GC heap after
Heap after GC invocations=6 (full 1):
 PSYoungGen      total 141824K, used 10722K [0x000000076ab00000, 0x000000077c000000, 0x00000007c0000000)
  eden space 131072K, 0% used [0x000000076ab00000,0x000000076ab00000,0x0000000772b00000)
  from space 10752K, 99% used [0x0000000772b00000,0x0000000773578ae8,0x0000000773580000)
  to   space 10752K, 0% used [0x000000077b580000,0x000000077b580000,0x000000077c000000)
 ParOldGen       total 175104K, used 40855K [0x00000006c0000000, 0x00000006cab00000, 0x000000076ab00000)
  object space 175104K, 23% used [0x00000006c0000000,0x00000006c27e5fb8,0x00000006cab00000)
 Metaspace       used 16726K, capacity 16948K, committed 17280K, reserved 1064960K
  class space    used 1962K, capacity 2057K, committed 2176K, reserved 1048576K
}
Event: 13.994 GC heap before
{Heap before GC invocations=7 (full 1):
 PSYoungGen      total 141824K, used 141794K [0x000000076ab00000, 0x000000077c000000, 0x00000007c0000000)
  eden space 131072K, 100% used [0x000000076ab00000,0x0000000772b00000,0x0000000772b00000)
  from space 10752K, 99% used [0x0000000772b00000,0x0000000773578ae8,0x0000000773580000)
  to   space 10752K, 0% used [0x000000077b580000,0x000000077b580000,0x000000077c000000)
 ParOldGen       total 175104K, used 40855K [0x00000006c0000000, 0x00000006cab00000, 0x000000076ab00000)
  object space 175104K, 23% used [0x00000006c0000000,0x00000006c27e5fb8,0x00000006cab00000)
 Metaspace       used 18343K, capacity 18580K, committed 18944K, reserved 1067008K
  class space    used 2120K, capacity 2217K, committed 2304K, reserved 1048576K
Event: 14.002 GC heap after
Heap after GC invocations=7 (full 1):
 PSYoungGen      total 253952K, used 10742K [0x000000076ab00000, 0x000000077e500000, 0x00000007c0000000)
  eden space 243200K, 0% used [0x000000076ab00000,0x000000076ab00000,0x0000000779880000)
  from space 10752K, 99% used [0x000000077b580000,0x000000077bffd990,0x000000077c000000)
  to   space 29696K, 0% used [0x0000000779880000,0x0000000779880000,0x000000077b580000)
 ParOldGen       total 175104K, used 46845K [0x00000006c0000000, 0x00000006cab00000, 0x000000076ab00000)
  object space 175104K, 26% used [0x00000006c0000000,0x00000006c2dbf5f8,0x00000006cab00000)
 Metaspace       used 18343K, capacity 18580K, committed 18944K, reserved 1067008K
  class space    used 2120K, capacity 2217K, committed 2304K, reserved 1048576K
}
Event: 18.004 GC heap before
{Heap before GC invocations=8 (full 1):
 PSYoungGen      total 253952K, used 175127K [0x000000076ab00000, 0x000000077e500000, 0x00000007c0000000)
  eden space 243200K, 67% used [0x000000076ab00000,0x0000000774b88298,0x0000000779880000)
  from space 10752K, 99% used [0x000000077b580000,0x000000077bffd990,0x000000077c000000)
  to   space 29696K, 0% used [0x0000000779880000,0x0000000779880000,0x000000077b580000)
 ParOldGen       total 175104K, used 46845K [0x00000006c0000000, 0x00000006cab00000, 0x000000076ab00000)
  object space 175104K, 26% used [0x00000006c0000000,0x00000006c2dbf5f8,0x00000006cab00000)
 Metaspace       used 20827K, capacity 21058K, committed 21248K, reserved 1069056K
  class space    used 2428K, capacity 2510K, committed 2560K, reserved 1048576K
Event: 18.021 GC heap after
Heap after GC invocations=8 (full 1):
 PSYoungGen      total 272896K, used 28922K [0x000000076ab00000, 0x000000078c900000, 0x00000007c0000000)
  eden space 243200K, 0% used [0x000000076ab00000,0x000000076ab00000,0x0000000779880000)
  from space 29696K, 97% used [0x0000000779880000,0x000000077b4be990,0x000000077b580000)
  to   space 34304K, 0% used [0x000000078a780000,0x000000078a780000,0x000000078c900000)
 ParOldGen       total 175104K, used 46853K [0x00000006c0000000, 0x00000006cab00000, 0x000000076ab00000)
  object space 175104K, 26% used [0x00000006c0000000,0x00000006c2dc15f8,0x00000006cab00000)
 Metaspace       used 20827K, capacity 21058K, committed 21248K, reserved 1069056K
  class space    used 2428K, capacity 2510K, committed 2560K, reserved 1048576K
}
Event: 18.021 GC heap before
{Heap before GC invocations=9 (full 2):
 PSYoungGen      total 272896K, used 28922K [0x000000076ab00000, 0x000000078c900000, 0x00000007c0000000)
  eden space 243200K, 0% used [0x000000076ab00000,0x000000076ab00000,0x0000000779880000)
  from space 29696K, 97% used [0x0000000779880000,0x000000077b4be990,0x000000077b580000)
  to   space 34304K, 0% used [0x000000078a780000,0x000000078a780000,0x000000078c900000)
 ParOldGen       total 175104K, used 46853K [0x00000006c0000000, 0x00000006cab00000, 0x000000076ab00000)
  object space 175104K, 26% used [0x00000006c0000000,0x00000006c2dc15f8,0x00000006cab00000)
 Metaspace       used 20827K, capacity 21058K, committed 21248K, reserved 1069056K
  class space    used 2428K, capacity 2510K, committed 2560K, reserved 1048576K
Event: 18.072 GC heap after
Heap after GC invocations=9 (full 2):
 PSYoungGen      total 272896K, used 0K [0x000000076ab00000, 0x000000078c900000, 0x00000007c0000000)
  eden space 243200K, 0% used [0x000000076ab00000,0x000000076ab00000,0x0000000779880000)
  from space 29696K, 0% used [0x0000000779880000,0x0000000779880000,0x000000077b580000)
  to   space 34304K, 0% used [0x000000078a780000,0x000000078a780000,0x000000078c900000)
 ParOldGen       total 148992K, used 48855K [0x00000006c0000000, 0x00000006c9180000, 0x000000076ab00000)
  object space 148992K, 32% used [0x00000006c0000000,0x00000006c2fb5fa0,0x00000006c9180000)
 Metaspace       used 20827K, capacity 21058K, committed 21248K, reserved 1069056K
  class space    used 2428K, capacity 2510K, committed 2560K, reserved 1048576K
}
Event: 18.878 GC heap before
{Heap before GC invocations=10 (full 2):
 PSYoungGen      total 272896K, used 243200K [0x000000076ab00000, 0x000000078c900000, 0x00000007c0000000)
  eden space 243200K, 100% used [0x000000076ab00000,0x0000000779880000,0x0000000779880000)
  from space 29696K, 0% used [0x0000000779880000,0x0000000779880000,0x000000077b580000)
  to   space 34304K, 0% used [0x000000078a780000,0x000000078a780000,0x000000078c900000)
 ParOldGen       total 148992K, used 48855K [0x00000006c0000000, 0x00000006c9180000, 0x000000076ab00000)
  object space 148992K, 32% used [0x00000006c0000000,0x00000006c2fb5fa0,0x00000006c9180000)
 Metaspace       used 21755K, capacity 21922K, committed 22144K, reserved 1069056K
  class space    used 2595K, capacity 2670K, committed 2688K, reserved 1048576K
Event: 18.891 GC heap after
Heap after GC invocations=10 (full 2):
 PSYoungGen      total 441344K, used 15191K [0x000000076ab00000, 0x000000078b680000, 0x00000007c0000000)
  eden space 425984K, 0% used [0x000000076ab00000,0x000000076ab00000,0x0000000784b00000)
  from space 15360K, 98% used [0x000000078a780000,0x000000078b655db0,0x000000078b680000)
  to   space 32768K, 0% used [0x0000000787680000,0x0000000787680000,0x0000000789680000)
 ParOldGen       total 148992K, used 48863K [0x00000006c0000000, 0x00000006c9180000, 0x000000076ab00000)
  object space 148992K, 32% used [0x00000006c0000000,0x00000006c2fb7fa0,0x00000006c9180000)
 Metaspace       used 21755K, capacity 21922K, committed 22144K, reserved 1069056K
  class space    used 2595K, capacity 2670K, committed 2688K, reserved 1048576K
}

